2025-06-09 09:38:39 +0000  Initial pipeline context: <IDEDistributionProcessingPipelineContext: 0x33c1711c0; archive(resolved)="<IDEArchive: 0x60001db6aa70>", distributionTask(resolved)="2", distributionDestination(resolved)="1", distributionMethod(resolved)="<IDEDistributionMethodiOSAdHoc: 0x60000f02d4c0>", team(resolved)="<IDEProvisioningDisambiguatableBasicTeam: 0x60001663d840; teamID='75X672NXDV', teamName='Eric Williams', teamType='Individual', username='thecarefreegroup1@gmail.com', isFreeProvisioningTeam='0'>">
	Chain (16, self inclusive):
	<IDEDistributionProcessingPipelineContext: 0x33c1711c0; archive = "<IDEArchive: 0x60001db6aa70>", distributionMethod="<IDEDistributionMethodiOSAdHoc: 0x60000f02d4c0>", team="<IDEProvisioningDisambiguatableBasicTeam: 0x60001663d840; teamID='75X672NXDV', teamName='Eric Williams', teamType='Individual', username='thecarefreegroup1@gmail.com', isFreeProvisioningTeam='0'>">
	<IDEDistributionProcessingPipelineContext: 0x32d29f260; archive = "<IDEArchive: 0x60001db6aa70>", distributionMethod="<IDEDistributionMethodiOSAdHoc: 0x60000f02d4c0>", team="<IDEProvisioningDisambiguatableBasicTeam: 0x60001663d840; teamID='75X672NXDV', teamName='Eric Williams', teamType='Individual', username='thecarefreegroup1@gmail.com', isFreeProvisioningTeam='0'>">
	<IDEDistributionContext: 0x32c8221b0; archive = "<IDEArchive: 0x60001db6aa70>", distributionMethod="<IDEDistributionMethodiOSAdHoc: 0x60000f02d4c0>", team="<IDEProvisioningDisambiguatableBasicTeam: 0x60001663d840; teamID='75X672NXDV', teamName='Eric Williams', teamType='Individual', username='thecarefreegroup1@gmail.com', isFreeProvisioningTeam='0'>">
	<IDEDistributionContext: 0x33fad0a30; archive = "<IDEArchive: 0x60001db6aa70>", distributionMethod="<IDEDistributionMethodiOSAdHoc: 0x60000f02d4c0>", team="<IDEProvisioningDisambiguatableBasicTeam: 0x60001663d840; teamID='75X672NXDV', teamName='Eric Williams', teamType='Individual', username='thecarefreegroup1@gmail.com', isFreeProvisioningTeam='0'>">
	<IDEDistributionContext: 0x33ab3cb50; archive = "<IDEArchive: 0x60001db6aa70>", distributionMethod="<IDEDistributionMethodiOSAdHoc: 0x60000f02d4c0>", team="<IDEProvisioningDisambiguatableBasicTeam: 0x60001663d840; teamID='75X672NXDV', teamName='Eric Williams', teamType='Individual', username='thecarefreegroup1@gmail.com', isFreeProvisioningTeam='0'>">
	<IDEDistributionContext: 0x33ab65920; archive = "<IDEArchive: 0x60001db6aa70>", distributionMethod="<IDEDistributionMethodiOSAdHoc: 0x60000f02d4c0>", team="<IDEProvisioningDisambiguatableBasicTeam: 0x60001663d840; teamID='75X672NXDV', teamName='Eric Williams', teamType='Individual', username='thecarefreegroup1@gmail.com', isFreeProvisioningTeam='0'>">
	<IDEDistributionContext: 0x33fbfb1f0; archive = "<IDEArchive: 0x60001db6aa70>", distributionMethod="<IDEDistributionMethodiOSAdHoc: 0x60000f02d4c0>", team="<IDEProvisioningDisambiguatableBasicTeam: 0x60001663d840; teamID='75X672NXDV', teamName='Eric Williams', teamType='Individual', username='thecarefreegroup1@gmail.com', isFreeProvisioningTeam='0'>">
	<IDEDistributionContext: 0x339d4e250; archive = "<IDEArchive: 0x60001db6aa70>", distributionMethod="<IDEDistributionMethodiOSAdHoc: 0x60000f02d4c0>", team="<IDEProvisioningDisambiguatableBasicTeam: 0x60001663d840; teamID='75X672NXDV', teamName='Eric Williams', teamType='Individual', username='thecarefreegroup1@gmail.com', isFreeProvisioningTeam='0'>">
	<IDEDistributionContext: 0x33ab05630; archive = "<IDEArchive: 0x60001db6aa70>", distributionMethod="<IDEDistributionMethodiOSAdHoc: 0x60000f02d4c0>", team="<IDEProvisioningDisambiguatableBasicTeam: 0x60001663d840; teamID='75X672NXDV', teamName='Eric Williams', teamType='Individual', username='thecarefreegroup1@gmail.com', isFreeProvisioningTeam='0'>">
	<IDEDistributionContext: 0x32d24c4f0; archive = "<IDEArchive: 0x60001db6aa70>", distributionMethod="<IDEDistributionMethodiOSAdHoc: 0x60000f02d4c0>", team="(null)">
	<IDEDistributionContext: 0x32c33f460; archive = "<IDEArchive: 0x60001db6aa70>", distributionMethod="<IDEDistributionMethodiOSAdHoc: 0x60000f02d4c0>", team="(null)">
	<IDEDistributionContext: 0x32c33f250; archive = "<IDEArchive: 0x60001db6aa70>", distributionMethod="<IDEDistributionMethodiOSAdHoc: 0x60000f02d4c0>", team="(null)">
	<IDEDistributionContext: 0x32d2ab3d0; archive = "<IDEArchive: 0x60001db6aa70>", distributionMethod="<IDEDistributionMethodiOSAdHoc: 0x60000f02d4c0>", team="(null)">
	<IDEDistributionContext: 0x32d908670; archive = "<IDEArchive: 0x60001db6aa70>", distributionMethod="(null)", team="(null)">
	<IDEDistributionContext: 0x33ab1f8d0; archive = "<IDEArchive: 0x60001db6aa70>", distributionMethod="(null)", team="(null)">
	<IDEDistributionContext: 0x33ab4d2a0; archive = "<IDEArchive: 0x60001db6aa70>", distributionMethod="(null)", team="(null)">
</IDEDistributionProcessingPipelineContext: 0x33c1711c0>
2025-06-09 09:38:39 +0000  Processing step: IDEDistributionCreateDestRootStep
2025-06-09 09:38:39 +0000  Processing step: IDEDistributionCopyItemStep
2025-06-09 09:38:39 +0000  Running /usr/bin/ditto '-V' '/Users/mdnuralam/Library/Developer/Xcode/Archives/2025-06-09/SoleTrade 9-6-25, 3.20 PM.xcarchive/Products/Applications/SoleTrade.app' '/var/folders/bq/1vwnpj450w59w8n1nkfd6wdc0000gn/T/XcodeDistPipeline.~~~QYPu2i/Root/Payload/SoleTrade.app'
2025-06-09 09:38:39 +0000  >>> Copying /Users/mdnuralam/Library/Developer/Xcode/Archives/2025-06-09/SoleTrade 9-6-25, 3.20 PM.xcarchive/Products/Applications/SoleTrade.app 
2025-06-09 09:38:39 +0000  copying file ./_CodeSignature/CodeResources ... 
2025-06-09 09:38:39 +0000  32309 bytes for ./_CodeSignature/CodeResources
2025-06-09 09:38:39 +0000  copying file ./SplashScreen.storyboardc/EXPO-VIEWCONTROLLER-1-view-EXPO-ContainerView.nib ... 
2025-06-09 09:38:39 +0000  2024 bytes for ./SplashScreen.storyboardc/EXPO-VIEWCONTROLLER-1-view-EXPO-ContainerView.nib
2025-06-09 09:38:39 +0000  copying file ./SplashScreen.storyboardc/SplashScreenViewController.nib ... 
2025-06-09 09:38:39 +0000  1004 bytes for ./SplashScreen.storyboardc/SplashScreenViewController.nib
2025-06-09 09:38:39 +0000  copying file ./SplashScreen.storyboardc/Info.plist ... 
2025-06-09 09:38:39 +0000  225 bytes for ./SplashScreen.storyboardc/Info.plist
2025-06-09 09:38:39 +0000  copying file ./ExpoSystemUI_privacy.bundle/PrivacyInfo.xcprivacy ... 
2025-06-09 09:38:39 +0000  607 bytes for ./ExpoSystemUI_privacy.bundle/PrivacyInfo.xcprivacy
2025-06-09 09:38:39 +0000  copying file ./ExpoSystemUI_privacy.bundle/Info.plist ... 
2025-06-09 09:38:39 +0000  784 bytes for ./ExpoSystemUI_privacy.bundle/Info.plist
2025-06-09 09:38:39 +0000  copying file ./LottiePrivacyInfo.bundle/PrivacyInfo.xcprivacy ... 
2025-06-09 09:38:39 +0000  599 bytes for ./LottiePrivacyInfo.bundle/PrivacyInfo.xcprivacy
2025-06-09 09:38:39 +0000  copying file ./LottiePrivacyInfo.bundle/Info.plist ... 
2025-06-09 09:38:39 +0000  778 bytes for ./LottiePrivacyInfo.bundle/Info.plist
2025-06-09 09:38:39 +0000  copying file ./glog_privacy.bundle/Info.plist ... 
2025-06-09 09:38:39 +0000  766 bytes for ./glog_privacy.bundle/Info.plist
2025-06-09 09:38:39 +0000  copying file ./AppIcon60x60@2x.png ... 
2025-06-09 09:38:39 +0000  4751 bytes for ./AppIcon60x60@2x.png
2025-06-09 09:38:39 +0000  copying file ./ExpoConstants_privacy.bundle/PrivacyInfo.xcprivacy ... 
2025-06-09 09:38:39 +0000  607 bytes for ./ExpoConstants_privacy.bundle/PrivacyInfo.xcprivacy
2025-06-09 09:38:39 +0000  copying file ./ExpoConstants_privacy.bundle/Info.plist ... 
2025-06-09 09:38:39 +0000  787 bytes for ./ExpoConstants_privacy.bundle/Info.plist
2025-06-09 09:38:39 +0000  copying file ./Lottie_React_Native_Privacy.bundle/PrivacyInfo.xcprivacy ... 
2025-06-09 09:38:39 +0000  373 bytes for ./Lottie_React_Native_Privacy.bundle/PrivacyInfo.xcprivacy
2025-06-09 09:38:39 +0000  copying file ./Lottie_React_Native_Privacy.bundle/Info.plist ... 
2025-06-09 09:38:39 +0000  798 bytes for ./Lottie_React_Native_Privacy.bundle/Info.plist
2025-06-09 09:38:39 +0000  copying file ./React-cxxreact_privacy.bundle/PrivacyInfo.xcprivacy ... 
2025-06-09 09:38:39 +0000  552 bytes for ./React-cxxreact_privacy.bundle/PrivacyInfo.xcprivacy
2025-06-09 09:38:39 +0000  copying file ./React-cxxreact_privacy.bundle/Info.plist ... 
2025-06-09 09:38:39 +0000  789 bytes for ./React-cxxreact_privacy.bundle/Info.plist
2025-06-09 09:38:39 +0000  copying file ./ExpoApplication_privacy.bundle/PrivacyInfo.xcprivacy ... 
2025-06-09 09:38:39 +0000  608 bytes for ./ExpoApplication_privacy.bundle/PrivacyInfo.xcprivacy
2025-06-09 09:38:39 +0000  copying file ./ExpoApplication_privacy.bundle/Info.plist ... 
2025-06-09 09:38:39 +0000  790 bytes for ./ExpoApplication_privacy.bundle/Info.plist
2025-06-09 09:38:39 +0000  copying file ./RCT-Folly_privacy.bundle/Info.plist ... 
2025-06-09 09:38:39 +0000  783 bytes for ./RCT-Folly_privacy.bundle/Info.plist
2025-06-09 09:38:39 +0000  copying file ./Assets.car ... 
2025-06-09 09:38:39 +0000  441551 bytes for ./Assets.car
2025-06-09 09:38:39 +0000  copying file ./AppIcon76x76@2x~ipad.png ... 
2025-06-09 09:38:39 +0000  7156 bytes for ./AppIcon76x76@2x~ipad.png
2025-06-09 09:38:39 +0000  copying file ./main.jsbundle ... 
2025-06-09 09:38:39 +0000  6370667 bytes for ./main.jsbundle
2025-06-09 09:38:39 +0000  copying file ./EXConstants.bundle/app.config ... 
1468 bytes for ./EXConstants.bundle/app.config
copying file ./EXConstants.bundle/Info.plist ... 
2025-06-09 09:38:39 +0000  765 bytes for ./EXConstants.bundle/Info.plist
2025-06-09 09:38:39 +0000  copying file ./SDWebImage.bundle/PrivacyInfo.xcprivacy ... 
2025-06-09 09:38:39 +0000  599 bytes for ./SDWebImage.bundle/PrivacyInfo.xcprivacy
2025-06-09 09:38:39 +0000  copying file ./SDWebImage.bundle/Info.plist ... 
2025-06-09 09:38:39 +0000  762 bytes for ./SDWebImage.bundle/Info.plist
2025-06-09 09:38:39 +0000  copying file ./ExpoDevice_privacy.bundle/PrivacyInfo.xcprivacy ... 
2025-06-09 09:38:39 +0000  609 bytes for ./ExpoDevice_privacy.bundle/PrivacyInfo.xcprivacy
2025-06-09 09:38:39 +0000  copying file ./ExpoDevice_privacy.bundle/Info.plist ... 
2025-06-09 09:38:39 +0000  780 bytes for ./ExpoDevice_privacy.bundle/Info.plist
2025-06-09 09:38:39 +0000  copying file ./PrivacyInfo.xcprivacy ... 
2025-06-09 09:38:39 +0000  1283 bytes for ./PrivacyInfo.xcprivacy
2025-06-09 09:38:39 +0000  copying file ./SoleTrade ... 
2025-06-09 09:38:39 +0000  13312512 bytes for ./SoleTrade
2025-06-09 09:38:39 +0000  copying file ./ExpoNotifications_privacy.bundle/PrivacyInfo.xcprivacy ... 
607 bytes for ./ExpoNotifications_privacy.bundle/PrivacyInfo.xcprivacy
copying file ./ExpoNotifications_privacy.bundle/Info.plist ... 
2025-06-09 09:38:39 +0000  795 bytes for ./ExpoNotifications_privacy.bundle/Info.plist
2025-06-09 09:38:39 +0000  copying file ./RNSVGFilters.bundle/RNSVGArithmeticFilter.iphoneos.metallib ... 
2025-06-09 09:38:39 +0000  3993 bytes for ./RNSVGFilters.bundle/RNSVGArithmeticFilter.iphoneos.metallib
2025-06-09 09:38:39 +0000  copying file ./RNSVGFilters.bundle/RNSVGCompositeXor.iphoneos.metallib ... 
2025-06-09 09:38:39 +0000  3509 bytes for ./RNSVGFilters.bundle/RNSVGCompositeXor.iphoneos.metallib
2025-06-09 09:38:39 +0000  copying file ./RNSVGFilters.bundle/Info.plist ... 
2025-06-09 09:38:39 +0000  768 bytes for ./RNSVGFilters.bundle/Info.plist
2025-06-09 09:38:39 +0000  copying file ./ExpoFileSystem_privacy.bundle/PrivacyInfo.xcprivacy ... 
2025-06-09 09:38:39 +0000  877 bytes for ./ExpoFileSystem_privacy.bundle/PrivacyInfo.xcprivacy
2025-06-09 09:38:39 +0000  copying file ./ExpoFileSystem_privacy.bundle/Info.plist ... 
2025-06-09 09:38:39 +0000  790 bytes for ./ExpoFileSystem_privacy.bundle/Info.plist
2025-06-09 09:38:39 +0000  copying file ./boost_privacy.bundle/Info.plist ... 
2025-06-09 09:38:39 +0000  769 bytes for ./boost_privacy.bundle/Info.plist
2025-06-09 09:38:39 +0000  copying file ./Frameworks/hermes.framework/_CodeSignature/CodeResources ... 
2025-06-09 09:38:39 +0000  1798 bytes for ./Frameworks/hermes.framework/_CodeSignature/CodeResources
2025-06-09 09:38:39 +0000  copying file ./Frameworks/hermes.framework/hermes ... 
2025-06-09 09:38:39 +0000  4673168 bytes for ./Frameworks/hermes.framework/hermes
2025-06-09 09:38:39 +0000  copying file ./Frameworks/hermes.framework/Info.plist ... 
859 bytes for ./Frameworks/hermes.framework/Info.plist
copying file ./embedded.mobileprovision ... 
2025-06-09 09:38:39 +0000  14660 bytes for ./embedded.mobileprovision
2025-06-09 09:38:39 +0000  copying file ./assets/node_modules/@react-navigation/elements/lib/module/assets/back-icon@3x.png ... 
2025-06-09 09:38:39 +0000  761 bytes for ./assets/node_modules/@react-navigation/elements/lib/module/assets/back-icon@3x.png
2025-06-09 09:38:39 +0000  copying file ./assets/node_modules/@react-navigation/elements/lib/module/assets/back-icon@2x.png ... 
2025-06-09 09:38:39 +0000  405 bytes for ./assets/node_modules/@react-navigation/elements/lib/module/assets/back-icon@2x.png
2025-06-09 09:38:39 +0000  copying file ./assets/node_modules/@react-navigation/elements/lib/module/assets/search-icon@2x.png ... 
2025-06-09 09:38:39 +0000  589 bytes for ./assets/node_modules/@react-navigation/elements/lib/module/assets/search-icon@2x.png
2025-06-09 09:38:39 +0000  copying file ./assets/node_modules/@react-navigation/elements/lib/module/assets/clear-icon@3x.png ... 
2025-06-09 09:38:39 +0000  502 bytes for ./assets/node_modules/@react-navigation/elements/lib/module/assets/clear-icon@3x.png
2025-06-09 09:38:39 +0000  copying file ./assets/node_modules/@react-navigation/elements/lib/module/assets/back-icon.png ... 
2025-06-09 09:38:39 +0000  290 bytes for ./assets/node_modules/@react-navigation/elements/lib/module/assets/back-icon.png
2025-06-09 09:38:39 +0000  copying file ./assets/node_modules/@react-navigation/elements/lib/module/assets/clear-icon@2x.png ... 
2025-06-09 09:38:39 +0000  334 bytes for ./assets/node_modules/@react-navigation/elements/lib/module/assets/clear-icon@2x.png
2025-06-09 09:38:39 +0000  copying file ./assets/node_modules/@react-navigation/elements/lib/module/assets/search-icon@3x.png ... 
2025-06-09 09:38:39 +0000  839 bytes for ./assets/node_modules/@react-navigation/elements/lib/module/assets/search-icon@3x.png
2025-06-09 09:38:39 +0000  copying file ./assets/node_modules/@react-navigation/elements/lib/module/assets/close-icon.png ... 
2025-06-09 09:38:39 +0000  141 bytes for ./assets/node_modules/@react-navigation/elements/lib/module/assets/close-icon.png
2025-06-09 09:38:39 +0000  copying file ./assets/node_modules/@react-navigation/elements/lib/module/assets/back-icon-mask.png ... 
2025-06-09 09:38:39 +0000  653 bytes for ./assets/node_modules/@react-navigation/elements/lib/module/assets/back-icon-mask.png
2025-06-09 09:38:39 +0000  copying file ./assets/node_modules/@react-navigation/elements/lib/module/assets/close-icon@2x.png ... 
2025-06-09 09:38:39 +0000  201 bytes for ./assets/node_modules/@react-navigation/elements/lib/module/assets/close-icon@2x.png
2025-06-09 09:38:39 +0000  copying file ./assets/node_modules/@react-navigation/elements/lib/module/assets/close-icon@3x.png ... 
2025-06-09 09:38:39 +0000  266 bytes for ./assets/node_modules/@react-navigation/elements/lib/module/assets/close-icon@3x.png
2025-06-09 09:38:39 +0000  copying file ./assets/node_modules/@react-navigation/elements/lib/module/assets/clear-icon.png ... 
2025-06-09 09:38:39 +0000  220 bytes for ./assets/node_modules/@react-navigation/elements/lib/module/assets/clear-icon.png
2025-06-09 09:38:39 +0000  copying file ./assets/node_modules/@react-navigation/elements/lib/module/assets/search-icon.png ... 
2025-06-09 09:38:39 +0000  317 bytes for ./assets/node_modules/@react-navigation/elements/lib/module/assets/search-icon.png
2025-06-09 09:38:39 +0000  copying file ./assets/node_modules/@expo/vector-icons/build/vendor/react-native-vector-icons/Fonts/Fontisto.ttf ... 
2025-06-09 09:38:39 +0000  313528 bytes for ./assets/node_modules/@expo/vector-icons/build/vendor/react-native-vector-icons/Fonts/Fontisto.ttf
2025-06-09 09:38:39 +0000  copying file ./assets/node_modules/@expo/vector-icons/build/vendor/react-native-vector-icons/Fonts/Octicons.ttf ... 
2025-06-09 09:38:39 +0000  49404 bytes for ./assets/node_modules/@expo/vector-icons/build/vendor/react-native-vector-icons/Fonts/Octicons.ttf
2025-06-09 09:38:39 +0000  copying file ./assets/node_modules/@expo/vector-icons/build/vendor/react-native-vector-icons/Fonts/Feather.ttf ... 
2025-06-09 09:38:39 +0000  56228 bytes for ./assets/node_modules/@expo/vector-icons/build/vendor/react-native-vector-icons/Fonts/Feather.ttf
2025-06-09 09:38:39 +0000  copying file ./assets/node_modules/@expo/vector-icons/build/vendor/react-native-vector-icons/Fonts/FontAwesome6_Regular.ttf ... 
2025-06-09 09:38:39 +0000  67976 bytes for ./assets/node_modules/@expo/vector-icons/build/vendor/react-native-vector-icons/Fonts/FontAwesome6_Regular.ttf
2025-06-09 09:38:39 +0000  copying file ./assets/node_modules/@expo/vector-icons/build/vendor/react-native-vector-icons/Fonts/Entypo.ttf ... 
2025-06-09 09:38:39 +0000  66200 bytes for ./assets/node_modules/@expo/vector-icons/build/vendor/react-native-vector-icons/Fonts/Entypo.ttf
2025-06-09 09:38:39 +0000  copying file ./assets/node_modules/@expo/vector-icons/build/vendor/react-native-vector-icons/Fonts/FontAwesome5_Brands.ttf ... 
2025-06-09 09:38:39 +0000  134040 bytes for ./assets/node_modules/@expo/vector-icons/build/vendor/react-native-vector-icons/Fonts/FontAwesome5_Brands.ttf
2025-06-09 09:38:39 +0000  copying file ./assets/node_modules/@expo/vector-icons/build/vendor/react-native-vector-icons/Fonts/MaterialCommunityIcons.ttf ... 
2025-06-09 09:38:39 +0000  1147844 bytes for ./assets/node_modules/@expo/vector-icons/build/vendor/react-native-vector-icons/Fonts/MaterialCommunityIcons.ttf
2025-06-09 09:38:39 +0000  copying file ./assets/node_modules/@expo/vector-icons/build/vendor/react-native-vector-icons/Fonts/AntDesign.ttf ... 
2025-06-09 09:38:39 +0000  70344 bytes for ./assets/node_modules/@expo/vector-icons/build/vendor/react-native-vector-icons/Fonts/AntDesign.ttf
2025-06-09 09:38:39 +0000  copying file ./assets/node_modules/@expo/vector-icons/build/vendor/react-native-vector-icons/Fonts/Foundation.ttf ... 
2025-06-09 09:38:39 +0000  56976 bytes for ./assets/node_modules/@expo/vector-icons/build/vendor/react-native-vector-icons/Fonts/Foundation.ttf
2025-06-09 09:38:39 +0000  copying file ./assets/node_modules/@expo/vector-icons/build/vendor/react-native-vector-icons/Fonts/Ionicons.ttf ... 
2025-06-09 09:38:39 +0000  442604 bytes for ./assets/node_modules/@expo/vector-icons/build/vendor/react-native-vector-icons/Fonts/Ionicons.ttf
2025-06-09 09:38:39 +0000  copying file ./assets/node_modules/@expo/vector-icons/build/vendor/react-native-vector-icons/Fonts/FontAwesome5_Solid.ttf ... 
2025-06-09 09:38:39 +0000  202744 bytes for ./assets/node_modules/@expo/vector-icons/build/vendor/react-native-vector-icons/Fonts/FontAwesome5_Solid.ttf
2025-06-09 09:38:39 +0000  copying file ./assets/node_modules/@expo/vector-icons/build/vendor/react-native-vector-icons/Fonts/FontAwesome5_Regular.ttf ... 
2025-06-09 09:38:39 +0000  33736 bytes for ./assets/node_modules/@expo/vector-icons/build/vendor/react-native-vector-icons/Fonts/FontAwesome5_Regular.ttf
2025-06-09 09:38:39 +0000  copying file ./assets/node_modules/@expo/vector-icons/build/vendor/react-native-vector-icons/Fonts/FontAwesome.ttf ... 
2025-06-09 09:38:39 +0000  165548 bytes for ./assets/node_modules/@expo/vector-icons/build/vendor/react-native-vector-icons/Fonts/FontAwesome.ttf
2025-06-09 09:38:39 +0000  copying file ./assets/node_modules/@expo/vector-icons/build/vendor/react-native-vector-icons/Fonts/Zocial.ttf ... 
2025-06-09 09:38:39 +0000  25788 bytes for ./assets/node_modules/@expo/vector-icons/build/vendor/react-native-vector-icons/Fonts/Zocial.ttf
2025-06-09 09:38:39 +0000  copying file ./assets/node_modules/@expo/vector-icons/build/vendor/react-native-vector-icons/Fonts/EvilIcons.ttf ... 
2025-06-09 09:38:39 +0000  13456 bytes for ./assets/node_modules/@expo/vector-icons/build/vendor/react-native-vector-icons/Fonts/EvilIcons.ttf
2025-06-09 09:38:39 +0000  copying file ./assets/node_modules/@expo/vector-icons/build/vendor/react-native-vector-icons/Fonts/FontAwesome6_Solid.ttf ... 
2025-06-09 09:38:39 +0000  423676 bytes for ./assets/node_modules/@expo/vector-icons/build/vendor/react-native-vector-icons/Fonts/FontAwesome6_Solid.ttf
2025-06-09 09:38:39 +0000  copying file ./assets/node_modules/@expo/vector-icons/build/vendor/react-native-vector-icons/Fonts/SimpleLineIcons.ttf ... 
2025-06-09 09:38:39 +0000  54056 bytes for ./assets/node_modules/@expo/vector-icons/build/vendor/react-native-vector-icons/Fonts/SimpleLineIcons.ttf
2025-06-09 09:38:39 +0000  copying file ./assets/node_modules/@expo/vector-icons/build/vendor/react-native-vector-icons/Fonts/FontAwesome6_Brands.ttf ... 
2025-06-09 09:38:39 +0000  209376 bytes for ./assets/node_modules/@expo/vector-icons/build/vendor/react-native-vector-icons/Fonts/FontAwesome6_Brands.ttf
2025-06-09 09:38:39 +0000  copying file ./assets/node_modules/@expo/vector-icons/build/vendor/react-native-vector-icons/Fonts/MaterialIcons.ttf ... 
2025-06-09 09:38:39 +0000  356840 bytes for ./assets/node_modules/@expo/vector-icons/build/vendor/react-native-vector-icons/Fonts/MaterialIcons.ttf
2025-06-09 09:38:39 +0000  copying file ./assets/node_modules/expo-router/assets/pkg.png ... 
2025-06-09 09:38:39 +0000  364 bytes for ./assets/node_modules/expo-router/assets/pkg.png
2025-06-09 09:38:39 +0000  copying file ./assets/node_modules/expo-router/assets/unmatched.png ... 
2025-06-09 09:38:39 +0000  4752 bytes for ./assets/node_modules/expo-router/assets/unmatched.png
2025-06-09 09:38:39 +0000  copying file ./assets/node_modules/expo-router/assets/file.png ... 
2025-06-09 09:38:39 +0000  138 bytes for ./assets/node_modules/expo-router/assets/file.png
2025-06-09 09:38:39 +0000  copying file ./assets/node_modules/expo-router/assets/forward.png ... 
2025-06-09 09:38:39 +0000  188 bytes for ./assets/node_modules/expo-router/assets/forward.png
2025-06-09 09:38:39 +0000  copying file ./assets/node_modules/expo-router/assets/error.png ... 
2025-06-09 09:38:39 +0000  469 bytes for ./assets/node_modules/expo-router/assets/error.png
2025-06-09 09:38:39 +0000  copying file ./assets/node_modules/expo-router/assets/sitemap.png ... 
2025-06-09 09:38:39 +0000  465 bytes for ./assets/node_modules/expo-router/assets/sitemap.png
2025-06-09 09:38:39 +0000  copying file ./assets/assets/images/bua-siam-models-bangkok-agency-female-thai-model-01.jpg ... 
2025-06-09 09:38:39 +0000  134620 bytes for ./assets/assets/images/bua-siam-models-bangkok-agency-female-thai-model-01.jpg
2025-06-09 09:38:39 +0000  copying file ./assets/assets/images/shoead.jpg ... 
2025-06-09 09:38:39 +0000  87360 bytes for ./assets/assets/images/shoead.jpg
2025-06-09 09:38:39 +0000  copying file ./assets/assets/images/67f70667bbc9554c154f5613_bg.webp ... 
2025-06-09 09:38:39 +0000  749582 bytes for ./assets/assets/images/67f70667bbc9554c154f5613_bg.webp
2025-06-09 09:38:39 +0000  copying file ./assets/assets/images/avatar.png ... 
2025-06-09 09:38:39 +0000  17723 bytes for ./assets/assets/images/avatar.png
2025-06-09 09:38:39 +0000  copying file ./assets/assets/images/shoe1.png ... 
2025-06-09 09:38:39 +0000  998181 bytes for ./assets/assets/images/shoe1.png
2025-06-09 09:38:39 +0000  copying file ./assets/assets/images/top-logo.png ... 
2025-06-09 09:38:39 +0000  95154 bytes for ./assets/assets/images/top-logo.png
2025-06-09 09:38:39 +0000  copying file ./assets/assets/images/logo.png ... 
2025-06-09 09:38:39 +0000  12412 bytes for ./assets/assets/images/logo.png
2025-06-09 09:38:39 +0000  copying file ./assets/assets/images/shoe2.png ... 
2025-06-09 09:38:39 +0000  76238 bytes for ./assets/assets/images/shoe2.png
2025-06-09 09:38:39 +0000  copying file ./assets/assets/images/icons/divider.png ... 
2025-06-09 09:38:39 +0000  57124 bytes for ./assets/assets/images/icons/divider.png
2025-06-09 09:38:39 +0000  copying file ./assets/assets/images/bg_8.png ... 
2025-06-09 09:38:39 +0000  16580 bytes for ./assets/assets/images/bg_8.png
2025-06-09 09:38:39 +0000  copying file ./assets/assets/images/type2.png ... 
2025-06-09 09:38:39 +0000  423829 bytes for ./assets/assets/images/type2.png
2025-06-09 09:38:39 +0000  copying file ./assets/assets/images/type3.png ... 
2025-06-09 09:38:39 +0000  169269 bytes for ./assets/assets/images/type3.png
2025-06-09 09:38:39 +0000  copying file ./assets/assets/images/type1.png ... 
2025-06-09 09:38:39 +0000  256481 bytes for ./assets/assets/images/type1.png
2025-06-09 09:38:39 +0000  copying file ./assets/assets/MainLanding/image38.png ... 
2025-06-09 09:38:39 +0000  7974 bytes for ./assets/assets/MainLanding/image38.png
2025-06-09 09:38:39 +0000  copying file ./assets/assets/MainLanding/image37.png ... 
2025-06-09 09:38:39 +0000  6696 bytes for ./assets/assets/MainLanding/image37.png
2025-06-09 09:38:39 +0000  copying file ./assets/assets/MainLanding/image1.png ... 
2025-06-09 09:38:39 +0000  7974 bytes for ./assets/assets/MainLanding/image1.png
2025-06-09 09:38:39 +0000  copying file ./assets/assets/MainLanding/image2.png ... 
2025-06-09 09:38:39 +0000  901 bytes for ./assets/assets/MainLanding/image2.png
2025-06-09 09:38:39 +0000  copying file ./assets/assets/MainLanding/image3.png ... 
2025-06-09 09:38:39 +0000  728 bytes for ./assets/assets/MainLanding/image3.png
2025-06-09 09:38:39 +0000  copying file ./assets/assets/fonts/SpaceMono-Regular.ttf ... 
2025-06-09 09:38:39 +0000  93252 bytes for ./assets/assets/fonts/SpaceMono-Regular.ttf
2025-06-09 09:38:39 +0000  copying file ./Info.plist ... 
2025-06-09 09:38:39 +0000  2038 bytes for ./Info.plist
2025-06-09 09:38:39 +0000  copying file ./Expo.plist ... 
2025-06-09 09:38:39 +0000  132 bytes for ./Expo.plist
2025-06-09 09:38:39 +0000  copying file ./RNCAsyncStorage_resources.bundle/PrivacyInfo.xcprivacy ... 
2025-06-09 09:38:39 +0000  512 bytes for ./RNCAsyncStorage_resources.bundle/PrivacyInfo.xcprivacy
2025-06-09 09:38:39 +0000  copying file ./RNCAsyncStorage_resources.bundle/Info.plist ... 
2025-06-09 09:38:39 +0000  794 bytes for ./RNCAsyncStorage_resources.bundle/Info.plist
2025-06-09 09:38:39 +0000  copying file ./PkgInfo ... 
2025-06-09 09:38:39 +0000  8 bytes for ./PkgInfo
2025-06-09 09:38:39 +0000  copying file ./React-Core_privacy.bundle/PrivacyInfo.xcprivacy ... 
2025-06-09 09:38:39 +0000  768 bytes for ./React-Core_privacy.bundle/PrivacyInfo.xcprivacy
2025-06-09 09:38:39 +0000  copying file ./React-Core_privacy.bundle/Info.plist ... 
2025-06-09 09:38:39 +0000  781 bytes for ./React-Core_privacy.bundle/Info.plist
2025-06-09 09:38:39 +0000  /usr/bin/ditto exited with 0
2025-06-09 09:38:39 +0000  Processing step: IDEDistributionEmbedProfileStep
2025-06-09 09:38:39 +0000  Skipping profile for item: <IDEDistributionItem: 0x60000590e880; bundleID='dev.hermesengine.iphoneos', path='<DVTFilePath:0x600021a0c2a0:'/Users/mdnuralam/Library/Developer/Xcode/Archives/2025-06-09/SoleTrade 9-6-25, 3.20 PM.xcarchive/Products/Applications/SoleTrade.app/Frameworks/hermes.framework'>', codeSigningInfo='<_DVTCodeSigningInformation_Path: 0x6000056d2220; isSigned='1', isAdHocSigned='0', signingCertificate='<DVTSigningCertificate: 0x600014949a40; name='Apple Development: Eric Williams (3C5AYR7PD2)', hash='1238F96AD3943746FEAF174B854EA75DAF09A0D1', serialNumber='5EB514ECD72C67E35C1A5A570FB7220C', certificateKinds='(
    "1.2.840.113635.100.6.1.12",
    "1.2.840.113635.100.6.1.2"
), issueDate='2025-04-30 19:22:40 +0000''>', entitlements='(null)', teamID='75X672NXDV', identifier='dev.hermesengine.iphoneos', executablePath='<DVTFilePath:0x6000056af960:'/Users/mdnuralam/Library/Developer/Xcode/Archives/2025-06-09/SoleTrade 9-6-25, 3.20 PM.xcarchive/Products/Applications/SoleTrade.app/Frameworks/hermes.framework/hermes'>', hardenedRuntime='0'>'>
2025-06-09 09:38:39 +0000  Processing step: IDEDistributionInfoPlistStep
2025-06-09 09:38:39 +0000  Skipping step: IDEDistributionInfoPlistStep because it said so
2025-06-09 09:38:39 +0000  Skipping step: IDEDistributionInfoPlistStep because it said so
2025-06-09 09:38:39 +0000  Processing step: IDEDistributionAppThinningPlistStep
2025-06-09 09:38:39 +0000  Skipping step: IDEDistributionAppThinningPlistStep because it said so
2025-06-09 09:38:39 +0000  Processing step: IDEDistributionSymbolsStep
2025-06-09 09:38:39 +0000  Skipping step: IDEDistributionSymbolsStep because it said so
2025-06-09 09:38:39 +0000  Processing step: IDEDistributionAppThinningStep
2025-06-09 09:38:39 +0000  Skipping step: IDEDistributionAppThinningStep because it said so
2025-06-09 09:38:39 +0000  Processing step: IDEDistributionArchThinningStep
2025-06-09 09:38:39 +0000  Item /Users/mdnuralam/Library/Developer/Xcode/Archives/2025-06-09/SoleTrade 9-6-25, 3.20 PM.xcarchive/Products/Applications/SoleTrade.app/Frameworks/hermes.framework doesn't have the entitlement com.apple.developer.web-browser-engine.host enabled, returning ["arm64e"]
2025-06-09 09:38:39 +0000  Archs to thin for item /Users/mdnuralam/Library/Developer/Xcode/Archives/2025-06-09/SoleTrade 9-6-25, 3.20 PM.xcarchive/Products/Applications/SoleTrade.app/Frameworks/hermes.framework are ["arm64e"]
2025-06-09 09:38:39 +0000  Running /Applications/Xcode.app/Contents/Developer/Toolchains/XcodeDefault.xctoolchain/usr/bin/lipo '/var/folders/bq/1vwnpj450w59w8n1nkfd6wdc0000gn/T/XcodeDistPipeline.~~~QYPu2i/Root/Payload/SoleTrade.app/Frameworks/hermes.framework/hermes' '-verify_arch' 'arm64e'
2025-06-09 09:38:39 +0000  /Applications/Xcode.app/Contents/Developer/Toolchains/XcodeDefault.xctoolchain/usr/bin/lipo exited with 1
2025-06-09 09:38:39 +0000  Skipping architecture thinning for item "hermes" because arch "arm64e" wasn't found
2025-06-09 09:38:39 +0000  Item /Users/mdnuralam/Library/Developer/Xcode/Archives/2025-06-09/SoleTrade 9-6-25, 3.20 PM.xcarchive/Products/Applications/SoleTrade.app doesn't have the entitlement com.apple.developer.web-browser-engine.host enabled, returning ["arm64e"]
2025-06-09 09:38:39 +0000  Archs to thin for item /Users/mdnuralam/Library/Developer/Xcode/Archives/2025-06-09/SoleTrade 9-6-25, 3.20 PM.xcarchive/Products/Applications/SoleTrade.app are ["arm64e"]
2025-06-09 09:38:39 +0000  Running /Applications/Xcode.app/Contents/Developer/Toolchains/XcodeDefault.xctoolchain/usr/bin/lipo '/var/folders/bq/1vwnpj450w59w8n1nkfd6wdc0000gn/T/XcodeDistPipeline.~~~QYPu2i/Root/Payload/SoleTrade.app/SoleTrade' '-verify_arch' 'arm64e'
2025-06-09 09:38:39 +0000  /Applications/Xcode.app/Contents/Developer/Toolchains/XcodeDefault.xctoolchain/usr/bin/lipo exited with 1
2025-06-09 09:38:39 +0000  Skipping architecture thinning for item "SoleTrade" because arch "arm64e" wasn't found
2025-06-09 09:38:39 +0000  Processing step: IDEDistributionODRStep
2025-06-09 09:38:39 +0000  Processing step: IDEDistributionStripXattrsStep
2025-06-09 09:38:39 +0000  Skipping stripping extended attributes because the codesign step will strip them.
2025-06-09 09:38:39 +0000  Skipping stripping extended attributes because the codesign step will strip them.
2025-06-09 09:38:39 +0000  Processing step: IDEDistributionCodesignStep
2025-06-09 09:38:39 +0000  Entitlements for <IDEDistributionItem: 0x60000590e880; bundleID='dev.hermesengine.iphoneos', path='<DVTFilePath:0x600021a0c2a0:'/Users/mdnuralam/Library/Developer/Xcode/Archives/2025-06-09/SoleTrade 9-6-25, 3.20 PM.xcarchive/Products/Applications/SoleTrade.app/Frameworks/hermes.framework'>', codeSigningInfo='<_DVTCodeSigningInformation_Path: 0x6000056d2220; isSigned='1', isAdHocSigned='0', signingCertificate='<DVTSigningCertificate: 0x60001493fc00; name='Apple Development: Eric Williams (3C5AYR7PD2)', hash='1238F96AD3943746FEAF174B854EA75DAF09A0D1', serialNumber='5EB514ECD72C67E35C1A5A570FB7220C', certificateKinds='(
    "1.2.840.113635.100.6.1.12",
    "1.2.840.113635.100.6.1.2"
), issueDate='2025-04-30 19:22:40 +0000''>', entitlements='(null)', teamID='75X672NXDV', identifier='dev.hermesengine.iphoneos', executablePath='<DVTFilePath:0x6000056af960:'/Users/mdnuralam/Library/Developer/Xcode/Archives/2025-06-09/SoleTrade 9-6-25, 3.20 PM.xcarchive/Products/Applications/SoleTrade.app/Frameworks/hermes.framework/hermes'>', hardenedRuntime='0'>'>: {
}
2025-06-09 09:38:39 +0000  Associated App Clip Identifiers Filter: Skipping because "com.apple.developer.associated-appclip-app-identifiers" is not present
2025-06-09 09:38:39 +0000  Entitlements for <IDEDistributionItem: 0x60000590e880; bundleID='dev.hermesengine.iphoneos', path='<DVTFilePath:0x600021a0c2a0:'/Users/mdnuralam/Library/Developer/Xcode/Archives/2025-06-09/SoleTrade 9-6-25, 3.20 PM.xcarchive/Products/Applications/SoleTrade.app/Frameworks/hermes.framework'>', codeSigningInfo='<_DVTCodeSigningInformation_Path: 0x6000056d2220; isSigned='1', isAdHocSigned='0', signingCertificate='<DVTSigningCertificate: 0x60001494b840; name='Apple Development: Eric Williams (3C5AYR7PD2)', hash='1238F96AD3943746FEAF174B854EA75DAF09A0D1', serialNumber='5EB514ECD72C67E35C1A5A570FB7220C', certificateKinds='(
    "1.2.840.113635.100.6.1.12",
    "1.2.840.113635.100.6.1.2"
), issueDate='2025-04-30 19:22:40 +0000''>', entitlements='(null)', teamID='75X672NXDV', identifier='dev.hermesengine.iphoneos', executablePath='<DVTFilePath:0x6000056af960:'/Users/mdnuralam/Library/Developer/Xcode/Archives/2025-06-09/SoleTrade 9-6-25, 3.20 PM.xcarchive/Products/Applications/SoleTrade.app/Frameworks/hermes.framework/hermes'>', hardenedRuntime='0'>'> are: {
}
2025-06-09 09:38:39 +0000  Writing entitlements for <IDEDistributionItem: 0x60000590e880; bundleID='dev.hermesengine.iphoneos', path='<DVTFilePath:0x600021a0c2a0:'/Users/mdnuralam/Library/Developer/Xcode/Archives/2025-06-09/SoleTrade 9-6-25, 3.20 PM.xcarchive/Products/Applications/SoleTrade.app/Frameworks/hermes.framework'>', codeSigningInfo='<_DVTCodeSigningInformation_Path: 0x6000056d2220; isSigned='1', isAdHocSigned='0', signingCertificate='<DVTSigningCertificate: 0x60001494b840; name='Apple Development: Eric Williams (3C5AYR7PD2)', hash='1238F96AD3943746FEAF174B854EA75DAF09A0D1', serialNumber='5EB514ECD72C67E35C1A5A570FB7220C', certificateKinds='(
    "1.2.840.113635.100.6.1.12",
    "1.2.840.113635.100.6.1.2"
), issueDate='2025-04-30 19:22:40 +0000''>', entitlements='(null)', teamID='75X672NXDV', identifier='dev.hermesengine.iphoneos', executablePath='<DVTFilePath:0x6000056af960:'/Users/mdnuralam/Library/Developer/Xcode/Archives/2025-06-09/SoleTrade 9-6-25, 3.20 PM.xcarchive/Products/Applications/SoleTrade.app/Frameworks/hermes.framework/hermes'>', hardenedRuntime='0'>'> to: /var/folders/bq/1vwnpj450w59w8n1nkfd6wdc0000gn/T/XcodeDistPipeline.~~~QYPu2i/entitlements~~~n7DOzv
2025-06-09 09:38:39 +0000  invoking codesign: <NSConcreteTask: 0x600021571d60; launchPath='/usr/bin/codesign', arguments='(
    "-f",
    "-s",
    6E37C9A446C2A9F44221869B4DB10CE4F22301C9,
    "--entitlements",
    "/var/folders/bq/1vwnpj450w59w8n1nkfd6wdc0000gn/T/XcodeDistPipeline.~~~QYPu2i/entitlements~~~n7DOzv",
    "--preserve-metadata=identifier,flags,runtime",
    "--generate-entitlement-der",
    "--strip-disallowed-xattrs",
    "-vvv",
    "/var/folders/bq/1vwnpj450w59w8n1nkfd6wdc0000gn/T/XcodeDistPipeline.~~~QYPu2i/Root/Payload/SoleTrade.app/Frameworks/hermes.framework"
)'>
2025-06-09 09:38:39 +0000  codesign output: /var/folders/bq/1vwnpj450w59w8n1nkfd6wdc0000gn/T/XcodeDistPipeline.~~~QYPu2i/Root/Payload/SoleTrade.app/Frameworks/hermes.framework: replacing existing signature
/var/folders/bq/1vwnpj450w59w8n1nkfd6wdc0000gn/T/XcodeDistPipeline.~~~QYPu2i/Root/Payload/SoleTrade.app/Frameworks/hermes.framework: signed bundle with Mach-O thin (arm64) [dev.hermesengine.iphoneos]
2025-06-09 09:38:39 +0000  Entitlements for <IDEDistributionItem: 0x60000590ef40; bundleID='com.soletrade.frontend', path='<DVTFilePath:0x600005695b00:'/Users/mdnuralam/Library/Developer/Xcode/Archives/2025-06-09/SoleTrade 9-6-25, 3.20 PM.xcarchive/Products/Applications/SoleTrade.app'>', codeSigningInfo='<_DVTCodeSigningInformation_Path: 0x60000590e9a0; isSigned='1', isAdHocSigned='0', signingCertificate='<DVTSigningCertificate: 0x60001493fc00; name='Apple Development: Eric Williams (3C5AYR7PD2)', hash='1238F96AD3943746FEAF174B854EA75DAF09A0D1', serialNumber='5EB514ECD72C67E35C1A5A570FB7220C', certificateKinds='(
    "1.2.840.113635.100.6.1.12",
    "1.2.840.113635.100.6.1.2"
), issueDate='2025-04-30 19:22:40 +0000''>', entitlements='{
    "application-identifier" = "75X672NXDV.com.soletrade.frontend";
    "aps-environment" = development;
    "com.apple.developer.team-identifier" = 75X672NXDV;
    "get-task-allow" = 1;
}', teamID='75X672NXDV', identifier='com.soletrade.frontend', executablePath='<DVTFilePath:0x6000056a4660:'/Users/mdnuralam/Library/Developer/Xcode/Archives/2025-06-09/SoleTrade 9-6-25, 3.20 PM.xcarchive/Products/Applications/SoleTrade.app/SoleTrade'>', hardenedRuntime='0'>'>: {
    "application-identifier" = "75X672NXDV.com.soletrade.frontend";
    "aps-environment" = production;
    "com.apple.developer.team-identifier" = 75X672NXDV;
    "get-task-allow" = 0;
}
2025-06-09 09:38:39 +0000  Associated App Clip Identifiers Filter: Skipping because "com.apple.developer.associated-appclip-app-identifiers" is not present
2025-06-09 09:38:39 +0000  Entitlements for <IDEDistributionItem: 0x60000590ef40; bundleID='com.soletrade.frontend', path='<DVTFilePath:0x600005695b00:'/Users/mdnuralam/Library/Developer/Xcode/Archives/2025-06-09/SoleTrade 9-6-25, 3.20 PM.xcarchive/Products/Applications/SoleTrade.app'>', codeSigningInfo='<_DVTCodeSigningInformation_Path: 0x60000590e9a0; isSigned='1', isAdHocSigned='0', signingCertificate='<DVTSigningCertificate: 0x60001493fc00; name='Apple Development: Eric Williams (3C5AYR7PD2)', hash='1238F96AD3943746FEAF174B854EA75DAF09A0D1', serialNumber='5EB514ECD72C67E35C1A5A570FB7220C', certificateKinds='(
    "1.2.840.113635.100.6.1.12",
    "1.2.840.113635.100.6.1.2"
), issueDate='2025-04-30 19:22:40 +0000''>', entitlements='{
    "application-identifier" = "75X672NXDV.com.soletrade.frontend";
    "aps-environment" = development;
    "com.apple.developer.team-identifier" = 75X672NXDV;
    "get-task-allow" = 1;
}', teamID='75X672NXDV', identifier='com.soletrade.frontend', executablePath='<DVTFilePath:0x6000056a4660:'/Users/mdnuralam/Library/Developer/Xcode/Archives/2025-06-09/SoleTrade 9-6-25, 3.20 PM.xcarchive/Products/Applications/SoleTrade.app/SoleTrade'>', hardenedRuntime='0'>'> are: {
    "application-identifier" = "75X672NXDV.com.soletrade.frontend";
    "aps-environment" = production;
    "com.apple.developer.team-identifier" = 75X672NXDV;
    "get-task-allow" = 0;
}
2025-06-09 09:38:39 +0000  Writing entitlements for <IDEDistributionItem: 0x60000590ef40; bundleID='com.soletrade.frontend', path='<DVTFilePath:0x600005695b00:'/Users/mdnuralam/Library/Developer/Xcode/Archives/2025-06-09/SoleTrade 9-6-25, 3.20 PM.xcarchive/Products/Applications/SoleTrade.app'>', codeSigningInfo='<_DVTCodeSigningInformation_Path: 0x60000590e9a0; isSigned='1', isAdHocSigned='0', signingCertificate='<DVTSigningCertificate: 0x600014949a40; name='Apple Development: Eric Williams (3C5AYR7PD2)', hash='1238F96AD3943746FEAF174B854EA75DAF09A0D1', serialNumber='5EB514ECD72C67E35C1A5A570FB7220C', certificateKinds='(
    "1.2.840.113635.100.6.1.12",
    "1.2.840.113635.100.6.1.2"
), issueDate='2025-04-30 19:22:40 +0000''>', entitlements='{
    "application-identifier" = "75X672NXDV.com.soletrade.frontend";
    "aps-environment" = development;
    "com.apple.developer.team-identifier" = 75X672NXDV;
    "get-task-allow" = 1;
}', teamID='75X672NXDV', identifier='com.soletrade.frontend', executablePath='<DVTFilePath:0x6000056a4660:'/Users/mdnuralam/Library/Developer/Xcode/Archives/2025-06-09/SoleTrade 9-6-25, 3.20 PM.xcarchive/Products/Applications/SoleTrade.app/SoleTrade'>', hardenedRuntime='0'>'> to: /var/folders/bq/1vwnpj450w59w8n1nkfd6wdc0000gn/T/XcodeDistPipeline.~~~QYPu2i/entitlements~~~BtcFAc
2025-06-09 09:38:39 +0000  invoking codesign: <NSConcreteTask: 0x600021571e50; launchPath='/usr/bin/codesign', arguments='(
    "-f",
    "-s",
    6E37C9A446C2A9F44221869B4DB10CE4F22301C9,
    "--entitlements",
    "/var/folders/bq/1vwnpj450w59w8n1nkfd6wdc0000gn/T/XcodeDistPipeline.~~~QYPu2i/entitlements~~~BtcFAc",
    "--preserve-metadata=identifier,flags,runtime",
    "--generate-entitlement-der",
    "--strip-disallowed-xattrs",
    "-vvv",
    "/var/folders/bq/1vwnpj450w59w8n1nkfd6wdc0000gn/T/XcodeDistPipeline.~~~QYPu2i/Root/Payload/SoleTrade.app"
)'>
2025-06-09 09:38:39 +0000  codesign output: /var/folders/bq/1vwnpj450w59w8n1nkfd6wdc0000gn/T/XcodeDistPipeline.~~~QYPu2i/Root/Payload/SoleTrade.app: replacing existing signature
/var/folders/bq/1vwnpj450w59w8n1nkfd6wdc0000gn/T/XcodeDistPipeline.~~~QYPu2i/Root/Payload/SoleTrade.app: signed app bundle with Mach-O thin (arm64) [com.soletrade.frontend]
2025-06-09 09:38:39 +0000  Processing step: IDEDistributionZipODRItemStep
2025-06-09 09:38:39 +0000  Skipping step: IDEDistributionZipODRItemStep because it said so
2025-06-09 09:38:39 +0000  Skipping step: IDEDistributionZipODRItemStep because it said so
2025-06-09 09:38:39 +0000  Processing step: IDEDistributionCreateIPAStep
2025-06-09 09:38:39 +0000  Running /usr/bin/ditto '-V' '-c' '-k' '--norsrc' '/var/folders/bq/1vwnpj450w59w8n1nkfd6wdc0000gn/T/XcodeDistPipeline.~~~QYPu2i/Root' '/var/folders/bq/1vwnpj450w59w8n1nkfd6wdc0000gn/T/XcodeDistPipeline.~~~QYPu2i/Packages/SoleTrade.ipa'
2025-06-09 09:38:39 +0000  >>> Copying /var/folders/bq/1vwnpj450w59w8n1nkfd6wdc0000gn/T/XcodeDistPipeline.~~~QYPu2i/Root 
2025-06-09 09:38:39 +0000  copying file ./Payload/SoleTrade.app/_CodeSignature/CodeResources ... 
2025-06-09 09:38:39 +0000  32309 bytes for ./Payload/SoleTrade.app/_CodeSignature/CodeResources
2025-06-09 09:38:39 +0000  copying file ./Payload/SoleTrade.app/SplashScreen.storyboardc/EXPO-VIEWCONTROLLER-1-view-EXPO-ContainerView.nib ... 
2025-06-09 09:38:39 +0000  2024 bytes for ./Payload/SoleTrade.app/SplashScreen.storyboardc/EXPO-VIEWCONTROLLER-1-view-EXPO-ContainerView.nib
2025-06-09 09:38:39 +0000  copying file ./Payload/SoleTrade.app/SplashScreen.storyboardc/SplashScreenViewController.nib ... 
2025-06-09 09:38:39 +0000  1004 bytes for ./Payload/SoleTrade.app/SplashScreen.storyboardc/SplashScreenViewController.nib
2025-06-09 09:38:39 +0000  copying file ./Payload/SoleTrade.app/SplashScreen.storyboardc/Info.plist ... 
2025-06-09 09:38:39 +0000  225 bytes for ./Payload/SoleTrade.app/SplashScreen.storyboardc/Info.plist
2025-06-09 09:38:39 +0000  copying file ./Payload/SoleTrade.app/ExpoSystemUI_privacy.bundle/PrivacyInfo.xcprivacy ... 
2025-06-09 09:38:39 +0000  607 bytes for ./Payload/SoleTrade.app/ExpoSystemUI_privacy.bundle/PrivacyInfo.xcprivacy
2025-06-09 09:38:39 +0000  copying file ./Payload/SoleTrade.app/ExpoSystemUI_privacy.bundle/Info.plist ... 
2025-06-09 09:38:39 +0000  784 bytes for ./Payload/SoleTrade.app/ExpoSystemUI_privacy.bundle/Info.plist
2025-06-09 09:38:39 +0000  copying file ./Payload/SoleTrade.app/LottiePrivacyInfo.bundle/PrivacyInfo.xcprivacy ... 
2025-06-09 09:38:39 +0000  599 bytes for ./Payload/SoleTrade.app/LottiePrivacyInfo.bundle/PrivacyInfo.xcprivacy
2025-06-09 09:38:39 +0000  copying file ./Payload/SoleTrade.app/LottiePrivacyInfo.bundle/Info.plist ... 
2025-06-09 09:38:39 +0000  778 bytes for ./Payload/SoleTrade.app/LottiePrivacyInfo.bundle/Info.plist
2025-06-09 09:38:39 +0000  copying file ./Payload/SoleTrade.app/glog_privacy.bundle/Info.plist ... 
2025-06-09 09:38:39 +0000  766 bytes for ./Payload/SoleTrade.app/glog_privacy.bundle/Info.plist
2025-06-09 09:38:39 +0000  copying file ./Payload/SoleTrade.app/AppIcon60x60@2x.png ... 
2025-06-09 09:38:39 +0000  4751 bytes for ./Payload/SoleTrade.app/AppIcon60x60@2x.png
2025-06-09 09:38:39 +0000  copying file ./Payload/SoleTrade.app/ExpoConstants_privacy.bundle/PrivacyInfo.xcprivacy ... 
2025-06-09 09:38:39 +0000  607 bytes for ./Payload/SoleTrade.app/ExpoConstants_privacy.bundle/PrivacyInfo.xcprivacy
2025-06-09 09:38:39 +0000  copying file ./Payload/SoleTrade.app/ExpoConstants_privacy.bundle/Info.plist ... 
2025-06-09 09:38:39 +0000  787 bytes for ./Payload/SoleTrade.app/ExpoConstants_privacy.bundle/Info.plist
2025-06-09 09:38:39 +0000  copying file ./Payload/SoleTrade.app/Lottie_React_Native_Privacy.bundle/PrivacyInfo.xcprivacy ... 
2025-06-09 09:38:39 +0000  373 bytes for ./Payload/SoleTrade.app/Lottie_React_Native_Privacy.bundle/PrivacyInfo.xcprivacy
2025-06-09 09:38:39 +0000  copying file ./Payload/SoleTrade.app/Lottie_React_Native_Privacy.bundle/Info.plist ... 
2025-06-09 09:38:39 +0000  798 bytes for ./Payload/SoleTrade.app/Lottie_React_Native_Privacy.bundle/Info.plist
2025-06-09 09:38:39 +0000  copying file ./Payload/SoleTrade.app/React-cxxreact_privacy.bundle/PrivacyInfo.xcprivacy ... 
2025-06-09 09:38:39 +0000  552 bytes for ./Payload/SoleTrade.app/React-cxxreact_privacy.bundle/PrivacyInfo.xcprivacy
2025-06-09 09:38:39 +0000  copying file ./Payload/SoleTrade.app/React-cxxreact_privacy.bundle/Info.plist ... 
2025-06-09 09:38:39 +0000  789 bytes for ./Payload/SoleTrade.app/React-cxxreact_privacy.bundle/Info.plist
2025-06-09 09:38:39 +0000  copying file ./Payload/SoleTrade.app/ExpoApplication_privacy.bundle/PrivacyInfo.xcprivacy ... 
2025-06-09 09:38:39 +0000  608 bytes for ./Payload/SoleTrade.app/ExpoApplication_privacy.bundle/PrivacyInfo.xcprivacy
2025-06-09 09:38:39 +0000  copying file ./Payload/SoleTrade.app/ExpoApplication_privacy.bundle/Info.plist ... 
2025-06-09 09:38:39 +0000  790 bytes for ./Payload/SoleTrade.app/ExpoApplication_privacy.bundle/Info.plist
2025-06-09 09:38:39 +0000  copying file ./Payload/SoleTrade.app/RCT-Folly_privacy.bundle/Info.plist ... 
2025-06-09 09:38:39 +0000  783 bytes for ./Payload/SoleTrade.app/RCT-Folly_privacy.bundle/Info.plist
2025-06-09 09:38:39 +0000  copying file ./Payload/SoleTrade.app/Assets.car ... 
2025-06-09 09:38:39 +0000  441551 bytes for ./Payload/SoleTrade.app/Assets.car
2025-06-09 09:38:39 +0000  copying file ./Payload/SoleTrade.app/AppIcon76x76@2x~ipad.png ... 
2025-06-09 09:38:39 +0000  7156 bytes for ./Payload/SoleTrade.app/AppIcon76x76@2x~ipad.png
2025-06-09 09:38:39 +0000  copying file ./Payload/SoleTrade.app/main.jsbundle ... 
2025-06-09 09:38:39 +0000  6370667 bytes for ./Payload/SoleTrade.app/main.jsbundle
2025-06-09 09:38:39 +0000  copying file ./Payload/SoleTrade.app/EXConstants.bundle/app.config ... 
2025-06-09 09:38:39 +0000  1468 bytes for ./Payload/SoleTrade.app/EXConstants.bundle/app.config
copying file ./Payload/SoleTrade.app/EXConstants.bundle/Info.plist ... 
765 bytes for ./Payload/SoleTrade.app/EXConstants.bundle/Info.plist
2025-06-09 09:38:39 +0000  copying file ./Payload/SoleTrade.app/SDWebImage.bundle/PrivacyInfo.xcprivacy ... 
599 bytes for ./Payload/SoleTrade.app/SDWebImage.bundle/PrivacyInfo.xcprivacy
copying file ./Payload/SoleTrade.app/SDWebImage.bundle/Info.plist ... 
2025-06-09 09:38:39 +0000  762 bytes for ./Payload/SoleTrade.app/SDWebImage.bundle/Info.plist
2025-06-09 09:38:39 +0000  copying file ./Payload/SoleTrade.app/ExpoDevice_privacy.bundle/PrivacyInfo.xcprivacy ... 
609 bytes for ./Payload/SoleTrade.app/ExpoDevice_privacy.bundle/PrivacyInfo.xcprivacy
2025-06-09 09:38:39 +0000  copying file ./Payload/SoleTrade.app/ExpoDevice_privacy.bundle/Info.plist ... 
780 bytes for ./Payload/SoleTrade.app/ExpoDevice_privacy.bundle/Info.plist
2025-06-09 09:38:39 +0000  copying file ./Payload/SoleTrade.app/PrivacyInfo.xcprivacy ... 
1283 bytes for ./Payload/SoleTrade.app/PrivacyInfo.xcprivacy
copying file ./Payload/SoleTrade.app/SoleTrade ... 
2025-06-09 09:38:40 +0000  13312512 bytes for ./Payload/SoleTrade.app/SoleTrade
2025-06-09 09:38:40 +0000  copying file ./Payload/SoleTrade.app/ExpoNotifications_privacy.bundle/PrivacyInfo.xcprivacy ... 
2025-06-09 09:38:40 +0000  607 bytes for ./Payload/SoleTrade.app/ExpoNotifications_privacy.bundle/PrivacyInfo.xcprivacy
copying file ./Payload/SoleTrade.app/ExpoNotifications_privacy.bundle/Info.plist ... 
2025-06-09 09:38:40 +0000  795 bytes for ./Payload/SoleTrade.app/ExpoNotifications_privacy.bundle/Info.plist
copying file ./Payload/SoleTrade.app/RNSVGFilters.bundle/RNSVGArithmeticFilter.iphoneos.metallib ... 
2025-06-09 09:38:40 +0000  3993 bytes for ./Payload/SoleTrade.app/RNSVGFilters.bundle/RNSVGArithmeticFilter.iphoneos.metallib
2025-06-09 09:38:40 +0000  copying file ./Payload/SoleTrade.app/RNSVGFilters.bundle/RNSVGCompositeXor.iphoneos.metallib ... 
2025-06-09 09:38:40 +0000  3509 bytes for ./Payload/SoleTrade.app/RNSVGFilters.bundle/RNSVGCompositeXor.iphoneos.metallib
copying file ./Payload/SoleTrade.app/RNSVGFilters.bundle/Info.plist ... 
2025-06-09 09:38:40 +0000  768 bytes for ./Payload/SoleTrade.app/RNSVGFilters.bundle/Info.plist
2025-06-09 09:38:40 +0000  copying file ./Payload/SoleTrade.app/ExpoFileSystem_privacy.bundle/PrivacyInfo.xcprivacy ... 
2025-06-09 09:38:40 +0000  877 bytes for ./Payload/SoleTrade.app/ExpoFileSystem_privacy.bundle/PrivacyInfo.xcprivacy
2025-06-09 09:38:40 +0000  copying file ./Payload/SoleTrade.app/ExpoFileSystem_privacy.bundle/Info.plist ... 
2025-06-09 09:38:40 +0000  790 bytes for ./Payload/SoleTrade.app/ExpoFileSystem_privacy.bundle/Info.plist
2025-06-09 09:38:40 +0000  copying file ./Payload/SoleTrade.app/boost_privacy.bundle/Info.plist ... 
2025-06-09 09:38:40 +0000  769 bytes for ./Payload/SoleTrade.app/boost_privacy.bundle/Info.plist
2025-06-09 09:38:40 +0000  copying file ./Payload/SoleTrade.app/Frameworks/hermes.framework/_CodeSignature/CodeResources ... 
2025-06-09 09:38:40 +0000  1798 bytes for ./Payload/SoleTrade.app/Frameworks/hermes.framework/_CodeSignature/CodeResources
2025-06-09 09:38:40 +0000  copying file ./Payload/SoleTrade.app/Frameworks/hermes.framework/hermes ... 
2025-06-09 09:38:40 +0000  4673168 bytes for ./Payload/SoleTrade.app/Frameworks/hermes.framework/hermes
2025-06-09 09:38:40 +0000  copying file ./Payload/SoleTrade.app/Frameworks/hermes.framework/Info.plist ... 
859 bytes for ./Payload/SoleTrade.app/Frameworks/hermes.framework/Info.plist
2025-06-09 09:38:40 +0000  copying file ./Payload/SoleTrade.app/embedded.mobileprovision ... 
2025-06-09 09:38:40 +0000  14679 bytes for ./Payload/SoleTrade.app/embedded.mobileprovision
2025-06-09 09:38:40 +0000  copying file ./Payload/SoleTrade.app/assets/node_modules/@react-navigation/elements/lib/module/assets/back-icon@3x.png ... 
2025-06-09 09:38:40 +0000  761 bytes for ./Payload/SoleTrade.app/assets/node_modules/@react-navigation/elements/lib/module/assets/back-icon@3x.png
2025-06-09 09:38:40 +0000  copying file ./Payload/SoleTrade.app/assets/node_modules/@react-navigation/elements/lib/module/assets/back-icon@2x.png ... 
2025-06-09 09:38:40 +0000  405 bytes for ./Payload/SoleTrade.app/assets/node_modules/@react-navigation/elements/lib/module/assets/back-icon@2x.png
2025-06-09 09:38:40 +0000  copying file ./Payload/SoleTrade.app/assets/node_modules/@react-navigation/elements/lib/module/assets/search-icon@2x.png ... 
2025-06-09 09:38:40 +0000  589 bytes for ./Payload/SoleTrade.app/assets/node_modules/@react-navigation/elements/lib/module/assets/search-icon@2x.png
copying file ./Payload/SoleTrade.app/assets/node_modules/@react-navigation/elements/lib/module/assets/clear-icon@3x.png ... 
2025-06-09 09:38:40 +0000  502 bytes for ./Payload/SoleTrade.app/assets/node_modules/@react-navigation/elements/lib/module/assets/clear-icon@3x.png
2025-06-09 09:38:40 +0000  copying file ./Payload/SoleTrade.app/assets/node_modules/@react-navigation/elements/lib/module/assets/back-icon.png ... 
2025-06-09 09:38:40 +0000  290 bytes for ./Payload/SoleTrade.app/assets/node_modules/@react-navigation/elements/lib/module/assets/back-icon.png
2025-06-09 09:38:40 +0000  copying file ./Payload/SoleTrade.app/assets/node_modules/@react-navigation/elements/lib/module/assets/clear-icon@2x.png ... 
2025-06-09 09:38:40 +0000  334 bytes for ./Payload/SoleTrade.app/assets/node_modules/@react-navigation/elements/lib/module/assets/clear-icon@2x.png
2025-06-09 09:38:40 +0000  copying file ./Payload/SoleTrade.app/assets/node_modules/@react-navigation/elements/lib/module/assets/search-icon@3x.png ... 
2025-06-09 09:38:40 +0000  839 bytes for ./Payload/SoleTrade.app/assets/node_modules/@react-navigation/elements/lib/module/assets/search-icon@3x.png
2025-06-09 09:38:40 +0000  copying file ./Payload/SoleTrade.app/assets/node_modules/@react-navigation/elements/lib/module/assets/close-icon.png ... 
2025-06-09 09:38:40 +0000  141 bytes for ./Payload/SoleTrade.app/assets/node_modules/@react-navigation/elements/lib/module/assets/close-icon.png
2025-06-09 09:38:40 +0000  copying file ./Payload/SoleTrade.app/assets/node_modules/@react-navigation/elements/lib/module/assets/back-icon-mask.png ... 
2025-06-09 09:38:40 +0000  653 bytes for ./Payload/SoleTrade.app/assets/node_modules/@react-navigation/elements/lib/module/assets/back-icon-mask.png
2025-06-09 09:38:40 +0000  copying file ./Payload/SoleTrade.app/assets/node_modules/@react-navigation/elements/lib/module/assets/close-icon@2x.png ... 
2025-06-09 09:38:40 +0000  201 bytes for ./Payload/SoleTrade.app/assets/node_modules/@react-navigation/elements/lib/module/assets/close-icon@2x.png
copying file ./Payload/SoleTrade.app/assets/node_modules/@react-navigation/elements/lib/module/assets/close-icon@3x.png ... 
2025-06-09 09:38:40 +0000  266 bytes for ./Payload/SoleTrade.app/assets/node_modules/@react-navigation/elements/lib/module/assets/close-icon@3x.png
2025-06-09 09:38:40 +0000  copying file ./Payload/SoleTrade.app/assets/node_modules/@react-navigation/elements/lib/module/assets/clear-icon.png ... 
2025-06-09 09:38:40 +0000  220 bytes for ./Payload/SoleTrade.app/assets/node_modules/@react-navigation/elements/lib/module/assets/clear-icon.png
2025-06-09 09:38:40 +0000  copying file ./Payload/SoleTrade.app/assets/node_modules/@react-navigation/elements/lib/module/assets/search-icon.png ... 
2025-06-09 09:38:40 +0000  317 bytes for ./Payload/SoleTrade.app/assets/node_modules/@react-navigation/elements/lib/module/assets/search-icon.png
2025-06-09 09:38:40 +0000  copying file ./Payload/SoleTrade.app/assets/node_modules/@expo/vector-icons/build/vendor/react-native-vector-icons/Fonts/Fontisto.ttf ... 
2025-06-09 09:38:40 +0000  313528 bytes for ./Payload/SoleTrade.app/assets/node_modules/@expo/vector-icons/build/vendor/react-native-vector-icons/Fonts/Fontisto.ttf
2025-06-09 09:38:40 +0000  copying file ./Payload/SoleTrade.app/assets/node_modules/@expo/vector-icons/build/vendor/react-native-vector-icons/Fonts/Octicons.ttf ... 
2025-06-09 09:38:40 +0000  49404 bytes for ./Payload/SoleTrade.app/assets/node_modules/@expo/vector-icons/build/vendor/react-native-vector-icons/Fonts/Octicons.ttf
2025-06-09 09:38:40 +0000  copying file ./Payload/SoleTrade.app/assets/node_modules/@expo/vector-icons/build/vendor/react-native-vector-icons/Fonts/Feather.ttf ... 
2025-06-09 09:38:40 +0000  56228 bytes for ./Payload/SoleTrade.app/assets/node_modules/@expo/vector-icons/build/vendor/react-native-vector-icons/Fonts/Feather.ttf
2025-06-09 09:38:40 +0000  copying file ./Payload/SoleTrade.app/assets/node_modules/@expo/vector-icons/build/vendor/react-native-vector-icons/Fonts/FontAwesome6_Regular.ttf ... 
2025-06-09 09:38:40 +0000  67976 bytes for ./Payload/SoleTrade.app/assets/node_modules/@expo/vector-icons/build/vendor/react-native-vector-icons/Fonts/FontAwesome6_Regular.ttf
2025-06-09 09:38:40 +0000  copying file ./Payload/SoleTrade.app/assets/node_modules/@expo/vector-icons/build/vendor/react-native-vector-icons/Fonts/Entypo.ttf ... 
2025-06-09 09:38:40 +0000  66200 bytes for ./Payload/SoleTrade.app/assets/node_modules/@expo/vector-icons/build/vendor/react-native-vector-icons/Fonts/Entypo.ttf
2025-06-09 09:38:40 +0000  copying file ./Payload/SoleTrade.app/assets/node_modules/@expo/vector-icons/build/vendor/react-native-vector-icons/Fonts/FontAwesome5_Brands.ttf ... 
2025-06-09 09:38:40 +0000  134040 bytes for ./Payload/SoleTrade.app/assets/node_modules/@expo/vector-icons/build/vendor/react-native-vector-icons/Fonts/FontAwesome5_Brands.ttf
2025-06-09 09:38:40 +0000  copying file ./Payload/SoleTrade.app/assets/node_modules/@expo/vector-icons/build/vendor/react-native-vector-icons/Fonts/MaterialCommunityIcons.ttf ... 
2025-06-09 09:38:40 +0000  1147844 bytes for ./Payload/SoleTrade.app/assets/node_modules/@expo/vector-icons/build/vendor/react-native-vector-icons/Fonts/MaterialCommunityIcons.ttf
2025-06-09 09:38:40 +0000  copying file ./Payload/SoleTrade.app/assets/node_modules/@expo/vector-icons/build/vendor/react-native-vector-icons/Fonts/AntDesign.ttf ... 
2025-06-09 09:38:40 +0000  70344 bytes for ./Payload/SoleTrade.app/assets/node_modules/@expo/vector-icons/build/vendor/react-native-vector-icons/Fonts/AntDesign.ttf
2025-06-09 09:38:40 +0000  copying file ./Payload/SoleTrade.app/assets/node_modules/@expo/vector-icons/build/vendor/react-native-vector-icons/Fonts/Foundation.ttf ... 
2025-06-09 09:38:40 +0000  56976 bytes for ./Payload/SoleTrade.app/assets/node_modules/@expo/vector-icons/build/vendor/react-native-vector-icons/Fonts/Foundation.ttf
2025-06-09 09:38:40 +0000  copying file ./Payload/SoleTrade.app/assets/node_modules/@expo/vector-icons/build/vendor/react-native-vector-icons/Fonts/Ionicons.ttf ... 
2025-06-09 09:38:40 +0000  442604 bytes for ./Payload/SoleTrade.app/assets/node_modules/@expo/vector-icons/build/vendor/react-native-vector-icons/Fonts/Ionicons.ttf
2025-06-09 09:38:40 +0000  copying file ./Payload/SoleTrade.app/assets/node_modules/@expo/vector-icons/build/vendor/react-native-vector-icons/Fonts/FontAwesome5_Solid.ttf ... 
2025-06-09 09:38:40 +0000  202744 bytes for ./Payload/SoleTrade.app/assets/node_modules/@expo/vector-icons/build/vendor/react-native-vector-icons/Fonts/FontAwesome5_Solid.ttf
2025-06-09 09:38:40 +0000  copying file ./Payload/SoleTrade.app/assets/node_modules/@expo/vector-icons/build/vendor/react-native-vector-icons/Fonts/FontAwesome5_Regular.ttf ... 
2025-06-09 09:38:40 +0000  33736 bytes for ./Payload/SoleTrade.app/assets/node_modules/@expo/vector-icons/build/vendor/react-native-vector-icons/Fonts/FontAwesome5_Regular.ttf
2025-06-09 09:38:40 +0000  copying file ./Payload/SoleTrade.app/assets/node_modules/@expo/vector-icons/build/vendor/react-native-vector-icons/Fonts/FontAwesome.ttf ... 
2025-06-09 09:38:40 +0000  165548 bytes for ./Payload/SoleTrade.app/assets/node_modules/@expo/vector-icons/build/vendor/react-native-vector-icons/Fonts/FontAwesome.ttf
2025-06-09 09:38:40 +0000  copying file ./Payload/SoleTrade.app/assets/node_modules/@expo/vector-icons/build/vendor/react-native-vector-icons/Fonts/Zocial.ttf ... 
2025-06-09 09:38:40 +0000  25788 bytes for ./Payload/SoleTrade.app/assets/node_modules/@expo/vector-icons/build/vendor/react-native-vector-icons/Fonts/Zocial.ttf
2025-06-09 09:38:40 +0000  copying file ./Payload/SoleTrade.app/assets/node_modules/@expo/vector-icons/build/vendor/react-native-vector-icons/Fonts/EvilIcons.ttf ... 
2025-06-09 09:38:40 +0000  13456 bytes for ./Payload/SoleTrade.app/assets/node_modules/@expo/vector-icons/build/vendor/react-native-vector-icons/Fonts/EvilIcons.ttf
2025-06-09 09:38:40 +0000  copying file ./Payload/SoleTrade.app/assets/node_modules/@expo/vector-icons/build/vendor/react-native-vector-icons/Fonts/FontAwesome6_Solid.ttf ... 
2025-06-09 09:38:40 +0000  423676 bytes for ./Payload/SoleTrade.app/assets/node_modules/@expo/vector-icons/build/vendor/react-native-vector-icons/Fonts/FontAwesome6_Solid.ttf
2025-06-09 09:38:40 +0000  copying file ./Payload/SoleTrade.app/assets/node_modules/@expo/vector-icons/build/vendor/react-native-vector-icons/Fonts/SimpleLineIcons.ttf ... 
2025-06-09 09:38:40 +0000  54056 bytes for ./Payload/SoleTrade.app/assets/node_modules/@expo/vector-icons/build/vendor/react-native-vector-icons/Fonts/SimpleLineIcons.ttf
2025-06-09 09:38:40 +0000  copying file ./Payload/SoleTrade.app/assets/node_modules/@expo/vector-icons/build/vendor/react-native-vector-icons/Fonts/FontAwesome6_Brands.ttf ... 
2025-06-09 09:38:40 +0000  209376 bytes for ./Payload/SoleTrade.app/assets/node_modules/@expo/vector-icons/build/vendor/react-native-vector-icons/Fonts/FontAwesome6_Brands.ttf
2025-06-09 09:38:40 +0000  copying file ./Payload/SoleTrade.app/assets/node_modules/@expo/vector-icons/build/vendor/react-native-vector-icons/Fonts/MaterialIcons.ttf ... 
2025-06-09 09:38:40 +0000  356840 bytes for ./Payload/SoleTrade.app/assets/node_modules/@expo/vector-icons/build/vendor/react-native-vector-icons/Fonts/MaterialIcons.ttf
2025-06-09 09:38:40 +0000  copying file ./Payload/SoleTrade.app/assets/node_modules/expo-router/assets/pkg.png ... 
2025-06-09 09:38:40 +0000  364 bytes for ./Payload/SoleTrade.app/assets/node_modules/expo-router/assets/pkg.png
2025-06-09 09:38:40 +0000  copying file ./Payload/SoleTrade.app/assets/node_modules/expo-router/assets/unmatched.png ... 
2025-06-09 09:38:40 +0000  4752 bytes for ./Payload/SoleTrade.app/assets/node_modules/expo-router/assets/unmatched.png
2025-06-09 09:38:40 +0000  copying file ./Payload/SoleTrade.app/assets/node_modules/expo-router/assets/file.png ... 
2025-06-09 09:38:40 +0000  138 bytes for ./Payload/SoleTrade.app/assets/node_modules/expo-router/assets/file.png
2025-06-09 09:38:40 +0000  copying file ./Payload/SoleTrade.app/assets/node_modules/expo-router/assets/forward.png ... 
2025-06-09 09:38:40 +0000  188 bytes for ./Payload/SoleTrade.app/assets/node_modules/expo-router/assets/forward.png
2025-06-09 09:38:40 +0000  copying file ./Payload/SoleTrade.app/assets/node_modules/expo-router/assets/error.png ... 
2025-06-09 09:38:40 +0000  469 bytes for ./Payload/SoleTrade.app/assets/node_modules/expo-router/assets/error.png
2025-06-09 09:38:40 +0000  copying file ./Payload/SoleTrade.app/assets/node_modules/expo-router/assets/sitemap.png ... 
2025-06-09 09:38:40 +0000  465 bytes for ./Payload/SoleTrade.app/assets/node_modules/expo-router/assets/sitemap.png
2025-06-09 09:38:40 +0000  copying file ./Payload/SoleTrade.app/assets/assets/images/bua-siam-models-bangkok-agency-female-thai-model-01.jpg ... 
2025-06-09 09:38:40 +0000  134620 bytes for ./Payload/SoleTrade.app/assets/assets/images/bua-siam-models-bangkok-agency-female-thai-model-01.jpg
2025-06-09 09:38:40 +0000  copying file ./Payload/SoleTrade.app/assets/assets/images/shoead.jpg ... 
2025-06-09 09:38:40 +0000  87360 bytes for ./Payload/SoleTrade.app/assets/assets/images/shoead.jpg
2025-06-09 09:38:40 +0000  copying file ./Payload/SoleTrade.app/assets/assets/images/67f70667bbc9554c154f5613_bg.webp ... 
2025-06-09 09:38:40 +0000  749582 bytes for ./Payload/SoleTrade.app/assets/assets/images/67f70667bbc9554c154f5613_bg.webp
2025-06-09 09:38:40 +0000  copying file ./Payload/SoleTrade.app/assets/assets/images/avatar.png ... 
2025-06-09 09:38:40 +0000  17723 bytes for ./Payload/SoleTrade.app/assets/assets/images/avatar.png
2025-06-09 09:38:40 +0000  copying file ./Payload/SoleTrade.app/assets/assets/images/shoe1.png ... 
2025-06-09 09:38:40 +0000  998181 bytes for ./Payload/SoleTrade.app/assets/assets/images/shoe1.png
2025-06-09 09:38:40 +0000  copying file ./Payload/SoleTrade.app/assets/assets/images/top-logo.png ... 
2025-06-09 09:38:40 +0000  95154 bytes for ./Payload/SoleTrade.app/assets/assets/images/top-logo.png
2025-06-09 09:38:40 +0000  copying file ./Payload/SoleTrade.app/assets/assets/images/logo.png ... 
2025-06-09 09:38:40 +0000  12412 bytes for ./Payload/SoleTrade.app/assets/assets/images/logo.png
2025-06-09 09:38:40 +0000  copying file ./Payload/SoleTrade.app/assets/assets/images/shoe2.png ... 
2025-06-09 09:38:40 +0000  76238 bytes for ./Payload/SoleTrade.app/assets/assets/images/shoe2.png
2025-06-09 09:38:40 +0000  copying file ./Payload/SoleTrade.app/assets/assets/images/icons/divider.png ... 
2025-06-09 09:38:40 +0000  57124 bytes for ./Payload/SoleTrade.app/assets/assets/images/icons/divider.png
2025-06-09 09:38:40 +0000  copying file ./Payload/SoleTrade.app/assets/assets/images/bg_8.png ... 
2025-06-09 09:38:40 +0000  16580 bytes for ./Payload/SoleTrade.app/assets/assets/images/bg_8.png
2025-06-09 09:38:40 +0000  copying file ./Payload/SoleTrade.app/assets/assets/images/type2.png ... 
2025-06-09 09:38:40 +0000  423829 bytes for ./Payload/SoleTrade.app/assets/assets/images/type2.png
2025-06-09 09:38:40 +0000  copying file ./Payload/SoleTrade.app/assets/assets/images/type3.png ... 
2025-06-09 09:38:40 +0000  169269 bytes for ./Payload/SoleTrade.app/assets/assets/images/type3.png
2025-06-09 09:38:40 +0000  copying file ./Payload/SoleTrade.app/assets/assets/images/type1.png ... 
2025-06-09 09:38:40 +0000  256481 bytes for ./Payload/SoleTrade.app/assets/assets/images/type1.png
2025-06-09 09:38:40 +0000  copying file ./Payload/SoleTrade.app/assets/assets/MainLanding/image38.png ... 
2025-06-09 09:38:40 +0000  7974 bytes for ./Payload/SoleTrade.app/assets/assets/MainLanding/image38.png
2025-06-09 09:38:40 +0000  copying file ./Payload/SoleTrade.app/assets/assets/MainLanding/image37.png ... 
2025-06-09 09:38:40 +0000  6696 bytes for ./Payload/SoleTrade.app/assets/assets/MainLanding/image37.png
2025-06-09 09:38:40 +0000  copying file ./Payload/SoleTrade.app/assets/assets/MainLanding/image1.png ... 
2025-06-09 09:38:40 +0000  7974 bytes for ./Payload/SoleTrade.app/assets/assets/MainLanding/image1.png
2025-06-09 09:38:40 +0000  copying file ./Payload/SoleTrade.app/assets/assets/MainLanding/image2.png ... 
2025-06-09 09:38:40 +0000  901 bytes for ./Payload/SoleTrade.app/assets/assets/MainLanding/image2.png
2025-06-09 09:38:40 +0000  copying file ./Payload/SoleTrade.app/assets/assets/MainLanding/image3.png ... 
2025-06-09 09:38:40 +0000  728 bytes for ./Payload/SoleTrade.app/assets/assets/MainLanding/image3.png
2025-06-09 09:38:40 +0000  copying file ./Payload/SoleTrade.app/assets/assets/fonts/SpaceMono-Regular.ttf ... 
2025-06-09 09:38:40 +0000  93252 bytes for ./Payload/SoleTrade.app/assets/assets/fonts/SpaceMono-Regular.ttf
2025-06-09 09:38:40 +0000  copying file ./Payload/SoleTrade.app/Info.plist ... 
2025-06-09 09:38:40 +0000  2038 bytes for ./Payload/SoleTrade.app/Info.plist
2025-06-09 09:38:40 +0000  copying file ./Payload/SoleTrade.app/Expo.plist ... 
2025-06-09 09:38:40 +0000  132 bytes for ./Payload/SoleTrade.app/Expo.plist
2025-06-09 09:38:40 +0000  copying file ./Payload/SoleTrade.app/RNCAsyncStorage_resources.bundle/PrivacyInfo.xcprivacy ... 
2025-06-09 09:38:40 +0000  512 bytes for ./Payload/SoleTrade.app/RNCAsyncStorage_resources.bundle/PrivacyInfo.xcprivacy
2025-06-09 09:38:40 +0000  copying file ./Payload/SoleTrade.app/RNCAsyncStorage_resources.bundle/Info.plist ... 
2025-06-09 09:38:40 +0000  794 bytes for ./Payload/SoleTrade.app/RNCAsyncStorage_resources.bundle/Info.plist
2025-06-09 09:38:40 +0000  copying file ./Payload/SoleTrade.app/PkgInfo ... 
2025-06-09 09:38:40 +0000  8 bytes for ./Payload/SoleTrade.app/PkgInfo
2025-06-09 09:38:40 +0000  copying file ./Payload/SoleTrade.app/React-Core_privacy.bundle/PrivacyInfo.xcprivacy ... 
2025-06-09 09:38:40 +0000  768 bytes for ./Payload/SoleTrade.app/React-Core_privacy.bundle/PrivacyInfo.xcprivacy
2025-06-09 09:38:40 +0000  copying file ./Payload/SoleTrade.app/React-Core_privacy.bundle/Info.plist ... 
2025-06-09 09:38:40 +0000  781 bytes for ./Payload/SoleTrade.app/React-Core_privacy.bundle/Info.plist
2025-06-09 09:38:40 +0000  /usr/bin/ditto exited with 0
2025-06-09 09:38:40 +0000  Processing step: IDEDistributionAppStoreInformationStep
2025-06-09 09:38:40 +0000  Skipping step: IDEDistributionAppStoreInformationStep because it said so
2025-06-09 09:38:40 +0000  Processing step: IDEDistributionGenerateProcessedDistributionItems
2025-06-09 09:38:40 +0000  IDEDistributionItem init <DVTFilePath:0x6000218dfa30:'/var/folders/bq/1vwnpj450w59w8n1nkfd6wdc0000gn/T/XcodeDistPipeline.~~~QYPu2i/Root/Payload/SoleTrade.app/Frameworks/hermes.framework'>
2025-06-09 09:38:40 +0000  IDEDistributionItem init <DVTFilePath:0x6000056da580:'/var/folders/bq/1vwnpj450w59w8n1nkfd6wdc0000gn/T/XcodeDistPipeline.~~~QYPu2i/Root/Payload/SoleTrade.app'>
2025-06-09 09:38:40 +0000  Processing step: IDEDistributionCreateManifestStep
